<?xml version="1.0" encoding="UTF-8"?>
<testsuite xmlns:xsi="http://www.w3.org/2001/XMLSchema-instance" xsi:noNamespaceSchemaLocation="https://maven.apache.org/surefire/maven-surefire-plugin/xsd/surefire-test-report-3.0.xsd" version="3.0" name="TestSuite" time="16.984" tests="2" errors="0" skipped="0" failures="2">
  <properties>
    <property name="gopherProxySet" value="false"/>
    <property name="awt.toolkit" value="sun.lwawt.macosx.LWCToolkit"/>
    <property name="surefire.suiteXmlFiles" value="src/test/smokeTestOMS.xml"/>
    <property name="java.specification.version" value="11"/>
    <property name="webdriver.chrome.driver" value="/Users/lkhoaa/IdeaProjects/Opollo-test-auto/Opollo/chromedriver"/>
    <property name="sun.cpu.isalist" value=""/>
    <property name="sun.jnu.encoding" value="UTF-8"/>
    <property name="java.class.path" value="/Users/lkhoaa/IdeaProjects/Opollo-test-auto/Opollo/target/test-classes:/Users/lkhoaa/IdeaProjects/Opollo-test-auto/Opollo/target/classes:/Users/lkhoaa/.m2/repository/org/slf4j/slf4j-simple/2.0.0/slf4j-simple-2.0.0.jar:/Users/lkhoaa/.m2/repository/org/slf4j/slf4j-api/2.0.0/slf4j-api-2.0.0.jar:/Users/lkhoaa/.m2/repository/io/qameta/allure/allure-testng/2.13.9/allure-testng-2.13.9.jar:/Users/lkhoaa/.m2/repository/io/qameta/allure/allure-java-commons/2.13.9/allure-java-commons-2.13.9.jar:/Users/lkhoaa/.m2/repository/io/qameta/allure/allure-model/2.13.9/allure-model-2.13.9.jar:/Users/lkhoaa/.m2/repository/org/apache/tika/tika-core/1.25/tika-core-1.25.jar:/Users/lkhoaa/.m2/repository/org/jooq/joor-java-8/0.9.13/joor-java-8-0.9.13.jar:/Users/lkhoaa/.m2/repository/io/qameta/allure/allure-test-filter/2.13.9/allure-test-filter-2.13.9.jar:/Users/lkhoaa/.m2/repository/org/seleniumhq/selenium/selenium-java/3.141.59/selenium-java-3.141.59.jar:/Users/lkhoaa/.m2/repository/org/seleniumhq/selenium/selenium-api/3.141.59/selenium-api-3.141.59.jar:/Users/lkhoaa/.m2/repository/org/seleniumhq/selenium/selenium-chrome-driver/3.141.59/selenium-chrome-driver-3.141.59.jar:/Users/lkhoaa/.m2/repository/org/seleniumhq/selenium/selenium-edge-driver/3.141.59/selenium-edge-driver-3.141.59.jar:/Users/lkhoaa/.m2/repository/org/seleniumhq/selenium/selenium-firefox-driver/3.141.59/selenium-firefox-driver-3.141.59.jar:/Users/lkhoaa/.m2/repository/org/seleniumhq/selenium/selenium-ie-driver/3.141.59/selenium-ie-driver-3.141.59.jar:/Users/lkhoaa/.m2/repository/org/seleniumhq/selenium/selenium-opera-driver/3.141.59/selenium-opera-driver-3.141.59.jar:/Users/lkhoaa/.m2/repository/org/seleniumhq/selenium/selenium-remote-driver/3.141.59/selenium-remote-driver-3.141.59.jar:/Users/lkhoaa/.m2/repository/org/seleniumhq/selenium/selenium-safari-driver/3.141.59/selenium-safari-driver-3.141.59.jar:/Users/lkhoaa/.m2/repository/org/seleniumhq/selenium/selenium-support/3.141.59/selenium-support-3.141.59.jar:/Users/lkhoaa/.m2/repository/net/bytebuddy/byte-buddy/1.8.15/byte-buddy-1.8.15.jar:/Users/lkhoaa/.m2/repository/org/apache/commons/commons-exec/1.3/commons-exec-1.3.jar:/Users/lkhoaa/.m2/repository/com/squareup/okhttp3/okhttp/3.11.0/okhttp-3.11.0.jar:/Users/lkhoaa/.m2/repository/com/squareup/okio/okio/1.14.0/okio-1.14.0.jar:/Users/lkhoaa/.m2/repository/com/google/guava/guava/25.0-jre/guava-25.0-jre.jar:/Users/lkhoaa/.m2/repository/com/google/code/findbugs/jsr305/1.3.9/jsr305-1.3.9.jar:/Users/lkhoaa/.m2/repository/org/checkerframework/checker-compat-qual/2.0.0/checker-compat-qual-2.0.0.jar:/Users/lkhoaa/.m2/repository/com/google/errorprone/error_prone_annotations/2.1.3/error_prone_annotations-2.1.3.jar:/Users/lkhoaa/.m2/repository/com/google/j2objc/j2objc-annotations/1.1/j2objc-annotations-1.1.jar:/Users/lkhoaa/.m2/repository/org/codehaus/mojo/animal-sniffer-annotations/1.14/animal-sniffer-annotations-1.14.jar:/Users/lkhoaa/.m2/repository/org/testng/testng/7.4.0/testng-7.4.0.jar:/Users/lkhoaa/.m2/repository/com/beust/jcommander/1.78/jcommander-1.78.jar:/Users/lkhoaa/.m2/repository/org/webjars/jquery/3.5.1/jquery-3.5.1.jar:/Users/lkhoaa/.m2/repository/org/apache/poi/poi/4.1.2/poi-4.1.2.jar:/Users/lkhoaa/.m2/repository/commons-codec/commons-codec/1.13/commons-codec-1.13.jar:/Users/lkhoaa/.m2/repository/org/apache/commons/commons-math3/3.6.1/commons-math3-3.6.1.jar:/Users/lkhoaa/.m2/repository/com/zaxxer/SparseBitSet/1.2/SparseBitSet-1.2.jar:/Users/lkhoaa/.m2/repository/org/apache/poi/poi-ooxml/4.1.2/poi-ooxml-4.1.2.jar:/Users/lkhoaa/.m2/repository/com/github/virtuald/curvesapi/1.06/curvesapi-1.06.jar:/Users/lkhoaa/.m2/repository/org/apache/poi/poi-ooxml-schemas/4.1.2/poi-ooxml-schemas-4.1.2.jar:/Users/lkhoaa/.m2/repository/dom4j/dom4j/1.6.1/dom4j-1.6.1.jar:/Users/lkhoaa/.m2/repository/org/apache/xmlbeans/xmlbeans/3.1.0/xmlbeans-3.1.0.jar:/Users/lkhoaa/.m2/repository/org/apache/commons/commons-compress/1.20/commons-compress-1.20.jar:/Users/lkhoaa/.m2/repository/org/apache/commons/commons-collections4/4.1/commons-collections4-4.1.jar:/Users/lkhoaa/.m2/repository/commons-io/commons-io/2.8.0/commons-io-2.8.0.jar:/Users/lkhoaa/.m2/repository/com/fasterxml/jackson/core/jackson-databind/2.13.3/jackson-databind-2.13.3.jar:/Users/lkhoaa/.m2/repository/com/fasterxml/jackson/core/jackson-annotations/2.13.3/jackson-annotations-2.13.3.jar:/Users/lkhoaa/.m2/repository/com/fasterxml/jackson/core/jackson-core/2.13.3/jackson-core-2.13.3.jar:/Users/lkhoaa/.m2/repository/io/github/bonigarcia/webdrivermanager/5.3.2/webdrivermanager-5.3.2.jar:/Users/lkhoaa/.m2/repository/com/google/code/gson/gson/2.10.1/gson-2.10.1.jar:/Users/lkhoaa/.m2/repository/com/github/docker-java/docker-java/3.2.14/docker-java-3.2.14.jar:/Users/lkhoaa/.m2/repository/com/github/docker-java/docker-java-core/3.2.14/docker-java-core-3.2.14.jar:/Users/lkhoaa/.m2/repository/com/github/docker-java/docker-java-api/3.2.14/docker-java-api-3.2.14.jar:/Users/lkhoaa/.m2/repository/org/bouncycastle/bcpkix-jdk15on/1.64/bcpkix-jdk15on-1.64.jar:/Users/lkhoaa/.m2/repository/org/bouncycastle/bcprov-jdk15on/1.64/bcprov-jdk15on-1.64.jar:/Users/lkhoaa/.m2/repository/org/slf4j/jcl-over-slf4j/1.7.30/jcl-over-slf4j-1.7.30.jar:/Users/lkhoaa/.m2/repository/com/github/docker-java/docker-java-transport-httpclient5/3.2.14/docker-java-transport-httpclient5-3.2.14.jar:/Users/lkhoaa/.m2/repository/com/github/docker-java/docker-java-transport/3.2.14/docker-java-transport-3.2.14.jar:/Users/lkhoaa/.m2/repository/net/java/dev/jna/jna/5.12.1/jna-5.12.1.jar:/Users/lkhoaa/.m2/repository/org/brotli/dec/0.1.2/dec-0.1.2.jar:/Users/lkhoaa/.m2/repository/org/apache/commons/commons-lang3/3.12.0/commons-lang3-3.12.0.jar:/Users/lkhoaa/.m2/repository/org/apache/httpcomponents/client5/httpclient5/5.2.1/httpclient5-5.2.1.jar:/Users/lkhoaa/.m2/repository/org/apache/httpcomponents/core5/httpcore5/5.2/httpcore5-5.2.jar:/Users/lkhoaa/.m2/repository/org/apache/httpcomponents/core5/httpcore5-h2/5.2/httpcore5-h2-5.2.jar:/Users/lkhoaa/.m2/repository/com/monitorjbl/xlsx-streamer/2.1.0/xlsx-streamer-2.1.0.jar:/Users/lkhoaa/.m2/repository/com/rackspace/apache/xerces2-xsd11/2.11.1/xerces2-xsd11-2.11.1.jar:/Users/lkhoaa/.m2/repository/com/rackspace/eclipse/webtools/sourceediting/org.eclipse.wst.xml.xpath2.processor/2.1.100/org.eclipse.wst.xml.xpath2.processor-2.1.100.jar:/Users/lkhoaa/.m2/repository/edu/princeton/cup/java-cup/10k/java-cup-10k.jar:/Users/lkhoaa/.m2/repository/com/ibm/icu/icu4j/4.6/icu4j-4.6.jar:/Users/lkhoaa/.m2/repository/xml-resolver/xml-resolver/1.2/xml-resolver-1.2.jar:/Users/lkhoaa/.m2/repository/xml-apis/xml-apis/1.4.01/xml-apis-1.4.01.jar:"/>
    <property name="java.vm.vendor" value="Oracle Corporation"/>
    <property name="sun.arch.data.model" value="64"/>
    <property name="testingUrl" value="https://dev-admin.onpoint.vn"/>
    <property name="java.vendor.url" value="https://openjdk.java.net/"/>
    <property name="user.timezone" value="Asia/Ho_Chi_Minh"/>
    <property name="java.vm.specification.version" value="11"/>
    <property name="os.name" value="Mac OS X"/>
    <property name="sun.java.launcher" value="SUN_STANDARD"/>
    <property name="user.country" value="VN"/>
    <property name="sun.boot.library.path" value="/Library/Java/JavaVirtualMachines/jdk-11.jdk/Contents/Home/lib"/>
    <property name="sun.java.command" value="/Users/lkhoaa/IdeaProjects/Opollo-test-auto/Opollo/target/surefire/surefirebooter11623506032494193702.jar /Users/lkhoaa/IdeaProjects/Opollo-test-auto/Opollo/target/surefire 2024-07-19T11-43-20_466-jvmRun1 surefire2927784451356631760tmp surefire_013585245404697253064tmp"/>
    <property name="http.nonProxyHosts" value="local|*.local|169.254/16|*.169.254/16"/>
    <property name="jdk.debug" value="release"/>
    <property name="surefire.test.class.path" value="/Users/lkhoaa/IdeaProjects/Opollo-test-auto/Opollo/target/test-classes:/Users/lkhoaa/IdeaProjects/Opollo-test-auto/Opollo/target/classes:/Users/lkhoaa/.m2/repository/org/slf4j/slf4j-simple/2.0.0/slf4j-simple-2.0.0.jar:/Users/lkhoaa/.m2/repository/org/slf4j/slf4j-api/2.0.0/slf4j-api-2.0.0.jar:/Users/lkhoaa/.m2/repository/io/qameta/allure/allure-testng/2.13.9/allure-testng-2.13.9.jar:/Users/lkhoaa/.m2/repository/io/qameta/allure/allure-java-commons/2.13.9/allure-java-commons-2.13.9.jar:/Users/lkhoaa/.m2/repository/io/qameta/allure/allure-model/2.13.9/allure-model-2.13.9.jar:/Users/lkhoaa/.m2/repository/org/apache/tika/tika-core/1.25/tika-core-1.25.jar:/Users/lkhoaa/.m2/repository/org/jooq/joor-java-8/0.9.13/joor-java-8-0.9.13.jar:/Users/lkhoaa/.m2/repository/io/qameta/allure/allure-test-filter/2.13.9/allure-test-filter-2.13.9.jar:/Users/lkhoaa/.m2/repository/org/seleniumhq/selenium/selenium-java/3.141.59/selenium-java-3.141.59.jar:/Users/lkhoaa/.m2/repository/org/seleniumhq/selenium/selenium-api/3.141.59/selenium-api-3.141.59.jar:/Users/lkhoaa/.m2/repository/org/seleniumhq/selenium/selenium-chrome-driver/3.141.59/selenium-chrome-driver-3.141.59.jar:/Users/lkhoaa/.m2/repository/org/seleniumhq/selenium/selenium-edge-driver/3.141.59/selenium-edge-driver-3.141.59.jar:/Users/lkhoaa/.m2/repository/org/seleniumhq/selenium/selenium-firefox-driver/3.141.59/selenium-firefox-driver-3.141.59.jar:/Users/lkhoaa/.m2/repository/org/seleniumhq/selenium/selenium-ie-driver/3.141.59/selenium-ie-driver-3.141.59.jar:/Users/lkhoaa/.m2/repository/org/seleniumhq/selenium/selenium-opera-driver/3.141.59/selenium-opera-driver-3.141.59.jar:/Users/lkhoaa/.m2/repository/org/seleniumhq/selenium/selenium-remote-driver/3.141.59/selenium-remote-driver-3.141.59.jar:/Users/lkhoaa/.m2/repository/org/seleniumhq/selenium/selenium-safari-driver/3.141.59/selenium-safari-driver-3.141.59.jar:/Users/lkhoaa/.m2/repository/org/seleniumhq/selenium/selenium-support/3.141.59/selenium-support-3.141.59.jar:/Users/lkhoaa/.m2/repository/net/bytebuddy/byte-buddy/1.8.15/byte-buddy-1.8.15.jar:/Users/lkhoaa/.m2/repository/org/apache/commons/commons-exec/1.3/commons-exec-1.3.jar:/Users/lkhoaa/.m2/repository/com/squareup/okhttp3/okhttp/3.11.0/okhttp-3.11.0.jar:/Users/lkhoaa/.m2/repository/com/squareup/okio/okio/1.14.0/okio-1.14.0.jar:/Users/lkhoaa/.m2/repository/com/google/guava/guava/25.0-jre/guava-25.0-jre.jar:/Users/lkhoaa/.m2/repository/com/google/code/findbugs/jsr305/1.3.9/jsr305-1.3.9.jar:/Users/lkhoaa/.m2/repository/org/checkerframework/checker-compat-qual/2.0.0/checker-compat-qual-2.0.0.jar:/Users/lkhoaa/.m2/repository/com/google/errorprone/error_prone_annotations/2.1.3/error_prone_annotations-2.1.3.jar:/Users/lkhoaa/.m2/repository/com/google/j2objc/j2objc-annotations/1.1/j2objc-annotations-1.1.jar:/Users/lkhoaa/.m2/repository/org/codehaus/mojo/animal-sniffer-annotations/1.14/animal-sniffer-annotations-1.14.jar:/Users/lkhoaa/.m2/repository/org/testng/testng/7.4.0/testng-7.4.0.jar:/Users/lkhoaa/.m2/repository/com/beust/jcommander/1.78/jcommander-1.78.jar:/Users/lkhoaa/.m2/repository/org/webjars/jquery/3.5.1/jquery-3.5.1.jar:/Users/lkhoaa/.m2/repository/org/apache/poi/poi/4.1.2/poi-4.1.2.jar:/Users/lkhoaa/.m2/repository/commons-codec/commons-codec/1.13/commons-codec-1.13.jar:/Users/lkhoaa/.m2/repository/org/apache/commons/commons-math3/3.6.1/commons-math3-3.6.1.jar:/Users/lkhoaa/.m2/repository/com/zaxxer/SparseBitSet/1.2/SparseBitSet-1.2.jar:/Users/lkhoaa/.m2/repository/org/apache/poi/poi-ooxml/4.1.2/poi-ooxml-4.1.2.jar:/Users/lkhoaa/.m2/repository/com/github/virtuald/curvesapi/1.06/curvesapi-1.06.jar:/Users/lkhoaa/.m2/repository/org/apache/poi/poi-ooxml-schemas/4.1.2/poi-ooxml-schemas-4.1.2.jar:/Users/lkhoaa/.m2/repository/dom4j/dom4j/1.6.1/dom4j-1.6.1.jar:/Users/lkhoaa/.m2/repository/org/apache/xmlbeans/xmlbeans/3.1.0/xmlbeans-3.1.0.jar:/Users/lkhoaa/.m2/repository/org/apache/commons/commons-compress/1.20/commons-compress-1.20.jar:/Users/lkhoaa/.m2/repository/org/apache/commons/commons-collections4/4.1/commons-collections4-4.1.jar:/Users/lkhoaa/.m2/repository/commons-io/commons-io/2.8.0/commons-io-2.8.0.jar:/Users/lkhoaa/.m2/repository/com/fasterxml/jackson/core/jackson-databind/2.13.3/jackson-databind-2.13.3.jar:/Users/lkhoaa/.m2/repository/com/fasterxml/jackson/core/jackson-annotations/2.13.3/jackson-annotations-2.13.3.jar:/Users/lkhoaa/.m2/repository/com/fasterxml/jackson/core/jackson-core/2.13.3/jackson-core-2.13.3.jar:/Users/lkhoaa/.m2/repository/io/github/bonigarcia/webdrivermanager/5.3.2/webdrivermanager-5.3.2.jar:/Users/lkhoaa/.m2/repository/com/google/code/gson/gson/2.10.1/gson-2.10.1.jar:/Users/lkhoaa/.m2/repository/com/github/docker-java/docker-java/3.2.14/docker-java-3.2.14.jar:/Users/lkhoaa/.m2/repository/com/github/docker-java/docker-java-core/3.2.14/docker-java-core-3.2.14.jar:/Users/lkhoaa/.m2/repository/com/github/docker-java/docker-java-api/3.2.14/docker-java-api-3.2.14.jar:/Users/lkhoaa/.m2/repository/org/bouncycastle/bcpkix-jdk15on/1.64/bcpkix-jdk15on-1.64.jar:/Users/lkhoaa/.m2/repository/org/bouncycastle/bcprov-jdk15on/1.64/bcprov-jdk15on-1.64.jar:/Users/lkhoaa/.m2/repository/org/slf4j/jcl-over-slf4j/1.7.30/jcl-over-slf4j-1.7.30.jar:/Users/lkhoaa/.m2/repository/com/github/docker-java/docker-java-transport-httpclient5/3.2.14/docker-java-transport-httpclient5-3.2.14.jar:/Users/lkhoaa/.m2/repository/com/github/docker-java/docker-java-transport/3.2.14/docker-java-transport-3.2.14.jar:/Users/lkhoaa/.m2/repository/net/java/dev/jna/jna/5.12.1/jna-5.12.1.jar:/Users/lkhoaa/.m2/repository/org/brotli/dec/0.1.2/dec-0.1.2.jar:/Users/lkhoaa/.m2/repository/org/apache/commons/commons-lang3/3.12.0/commons-lang3-3.12.0.jar:/Users/lkhoaa/.m2/repository/org/apache/httpcomponents/client5/httpclient5/5.2.1/httpclient5-5.2.1.jar:/Users/lkhoaa/.m2/repository/org/apache/httpcomponents/core5/httpcore5/5.2/httpcore5-5.2.jar:/Users/lkhoaa/.m2/repository/org/apache/httpcomponents/core5/httpcore5-h2/5.2/httpcore5-h2-5.2.jar:/Users/lkhoaa/.m2/repository/com/monitorjbl/xlsx-streamer/2.1.0/xlsx-streamer-2.1.0.jar:/Users/lkhoaa/.m2/repository/com/rackspace/apache/xerces2-xsd11/2.11.1/xerces2-xsd11-2.11.1.jar:/Users/lkhoaa/.m2/repository/com/rackspace/eclipse/webtools/sourceediting/org.eclipse.wst.xml.xpath2.processor/2.1.100/org.eclipse.wst.xml.xpath2.processor-2.1.100.jar:/Users/lkhoaa/.m2/repository/edu/princeton/cup/java-cup/10k/java-cup-10k.jar:/Users/lkhoaa/.m2/repository/com/ibm/icu/icu4j/4.6/icu4j-4.6.jar:/Users/lkhoaa/.m2/repository/xml-resolver/xml-resolver/1.2/xml-resolver-1.2.jar:/Users/lkhoaa/.m2/repository/xml-apis/xml-apis/1.4.01/xml-apis-1.4.01.jar:"/>
    <property name="sun.cpu.endian" value="little"/>
    <property name="user.home" value="/Users/lkhoaa"/>
    <property name="user.language" value="en"/>
    <property name="java.specification.vendor" value="Oracle Corporation"/>
    <property name="java.version.date" value="2023-07-18"/>
    <property name="java.home" value="/Library/Java/JavaVirtualMachines/jdk-11.jdk/Contents/Home"/>
    <property name="file.separator" value="/"/>
    <property name="basedir" value="/Users/lkhoaa/IdeaProjects/Opollo-test-auto/Opollo"/>
    <property name="java.vm.compressedOopsMode" value="Zero based"/>
    <property name="line.separator" value="&#10;"/>
    <property name="java.specification.name" value="Java Platform API Specification"/>
    <property name="java.vm.specification.vendor" value="Oracle Corporation"/>
    <property name="java.awt.graphicsenv" value="sun.awt.CGraphicsEnvironment"/>
    <property name="surefire.real.class.path" value="/Users/lkhoaa/IdeaProjects/Opollo-test-auto/Opollo/target/surefire/surefirebooter11623506032494193702.jar"/>
    <property name="sun.management.compiler" value="HotSpot 64-Bit Tiered Compilers"/>
    <property name="ftp.nonProxyHosts" value="local|*.local|169.254/16|*.169.254/16"/>
    <property name="java.runtime.version" value="11.0.20+9-LTS-256"/>
    <property name="user.name" value="lkhoaa"/>
    <property name="path.separator" value=":"/>
    <property name="os.version" value="14.5"/>
    <property name="java.runtime.name" value="Java(TM) SE Runtime Environment"/>
    <property name="file.encoding" value="UTF-8"/>
    <property name="java.vm.name" value="Java HotSpot(TM) 64-Bit Server VM"/>
    <property name="java.vendor.version" value="18.9"/>
    <property name="localRepository" value="/Users/lkhoaa/.m2/repository"/>
    <property name="java.vendor.url.bug" value="https://bugreport.java.com/bugreport/"/>
    <property name="java.io.tmpdir" value="/var/folders/6q/h7zm4kv13tn5vx6cj7_0dlz80000gn/T/"/>
    <property name="idea.version" value="2024.1.4"/>
    <property name="java.version" value="11.0.20"/>
    <property name="user.dir" value="/Users/lkhoaa/IdeaProjects/Opollo-test-auto/Opollo"/>
    <property name="os.arch" value="aarch64"/>
    <property name="java.vm.specification.name" value="Java Virtual Machine Specification"/>
    <property name="java.awt.printerjob" value="sun.lwawt.macosx.CPrinterJob"/>
    <property name="sun.os.patch.level" value="unknown"/>
    <property name="java.library.path" value="/Users/lkhoaa/Library/Java/Extensions:/Library/Java/Extensions:/Network/Library/Java/Extensions:/System/Library/Java/Extensions:/usr/lib/java:."/>
    <property name="java.vendor" value="Oracle Corporation"/>
    <property name="java.vm.info" value="mixed mode"/>
    <property name="java.vm.version" value="11.0.20+9-LTS-256"/>
    <property name="java.specification.maintenance.version" value="2"/>
    <property name="sun.io.unicode.encoding" value="UnicodeBig"/>
    <property name="java.class.version" value="55.0"/>
    <property name="socksNonProxyHosts" value="local|*.local|169.254/16|*.169.254/16"/>
  </properties>
  <testcase name="createB2COrder" classname="com.lkhoaa.testCases.outbound.CreateB2COrder" time="7.565">
    <failure message="element click intercepted: Element &lt;label class=&quot;custom-control-label&quot; for=&quot;ghnundefined&quot;&gt;...&lt;/label&gt; is not clickable at point (102, 783). Other element would receive the click: &lt;div class=&quot;delivery-method-row&quot;&gt;...&lt;/div&gt;&#10;  (Session info: chrome=126.0.6478.127)&#10;Build info: version: &apos;3.141.59&apos;, revision: &apos;e82be7d358&apos;, time: &apos;2018-11-14T08:17:03&apos;&#10;System info: host: &apos;OP-LT-0404.local&apos;, ip: &apos;fe80:0:0:0:ac:9749:b1ba:8647%en0&apos;, os.name: &apos;Mac OS X&apos;, os.arch: &apos;aarch64&apos;, os.version: &apos;14.5&apos;, java.version: &apos;11.0.20&apos;&#10;Driver info: org.openqa.selenium.chrome.ChromeDriver&#10;Capabilities {acceptInsecureCerts: false, browserName: chrome, browserVersion: 126.0.6478.127, chrome: {chromedriverVersion: 126.0.6478.126 (d36ace6122e..., userDataDir: /var/folders/6q/h7zm4kv13tn...}, fedcm:accounts: true, goog:chromeOptions: {debuggerAddress: localhost:54737}, javascriptEnabled: true, networkConnectionEnabled: false, pageLoadStrategy: normal, platform: MAC, platformName: MAC, proxy: Proxy(), setWindowRect: true, strictFileInteractability: false, timeouts: {implicit: 0, pageLoad: 300000, script: 30000}, unhandledPromptBehavior: dismiss and notify, webauthn:extension:credBlob: true, webauthn:extension:largeBlob: true, webauthn:extension:minPinLength: true, webauthn:extension:prf: true, webauthn:virtualAuthenticators: true}&#10;Session ID: ee2f8ea3c38662246f112ca7ce680bce" type="org.openqa.selenium.ElementClickInterceptedException"><![CDATA[org.openqa.selenium.ElementClickInterceptedException: 
element click intercepted: Element <label class="custom-control-label" for="ghnundefined">...</label> is not clickable at point (102, 783). Other element would receive the click: <div class="delivery-method-row">...</div>
  (Session info: chrome=126.0.6478.127)
Build info: version: '3.141.59', revision: 'e82be7d358', time: '2018-11-14T08:17:03'
System info: host: 'OP-LT-0404.local', ip: 'fe80:0:0:0:ac:9749:b1ba:8647%en0', os.name: 'Mac OS X', os.arch: 'aarch64', os.version: '14.5', java.version: '11.0.20'
Driver info: org.openqa.selenium.chrome.ChromeDriver
Capabilities {acceptInsecureCerts: false, browserName: chrome, browserVersion: 126.0.6478.127, chrome: {chromedriverVersion: 126.0.6478.126 (d36ace6122e..., userDataDir: /var/folders/6q/h7zm4kv13tn...}, fedcm:accounts: true, goog:chromeOptions: {debuggerAddress: localhost:54737}, javascriptEnabled: true, networkConnectionEnabled: false, pageLoadStrategy: normal, platform: MAC, platformName: MAC, proxy: Proxy(), setWindowRect: true, strictFileInteractability: false, timeouts: {implicit: 0, pageLoad: 300000, script: 30000}, unhandledPromptBehavior: dismiss and notify, webauthn:extension:credBlob: true, webauthn:extension:largeBlob: true, webauthn:extension:minPinLength: true, webauthn:extension:prf: true, webauthn:virtualAuthenticators: true}
Session ID: ee2f8ea3c38662246f112ca7ce680bce
	at com.lkhoaa.testCases.outbound.CreateB2COrder.createB2COrder(CreateB2COrder.java:48)
]]></failure>
    <system-out><![CDATA[[Configuration] [WARN] Detected a static method [com.lkhoaa.driver.DriverBase.initWebdriverObject()]. Static configuration methods can cause  unexpected behavior.
Loading Url
Select first product
Input full name
Input email
Input phone
Select province
Select district
Select type
Input address
Select delivery method
]]></system-out>
    <system-err><![CDATA[SSttaarrtintg iCnhgr oCmhreoDmreiDvreirv e1r2 61.206..604.7684.78.112266  ((dd3366aaccee66112222ee00aa5599570e258d825447103e95225068dd6802e414c1-3r9e5f2s0/6bdr6a0nec1hc--hreeafdss//b6r4a7n8c@h{-#h1e5a9d1s}/)6 4o78@n{ #p1o5r9t1 }1)8 3o4n5 
poOrntl y26 0l6o5c
aOln lcyo nlnoeccatli ocnosn naercet iaolnlso waered .a
Pleasle lsoewee dh.t
tPplse:a/s/ec hsreoem ehdtrtipvse:r/./cchhrroommeidurmi.voerrg./cshercoumriiutmy.-ocrog/secnurity-conssiiddeerraattioinons fsor  fsourg gseusgtgieosntsi oonns  koene pkienegp iCnhgr oCmherDormievDerri vsearf es.a
fe.
CChhrroommeeDDrriivveerr  wwaass s startetda rstucceeds ssfuulclcye.s
sfully.
Jul 19, 2024 11:43:23 AM org.openqa.selenium.remote.ProtocolHandshake createSession
INFO: Detected dialect: W3C
Jul 19, 2024 11:43:23 AM org.openqa.selenium.remote.ProtocolHandshake createSession
INFO: Detected dialect: W3C
]]></system-err>
  </testcase>
  <testcase name="createB2BOrder" classname="com.lkhoaa.testCases.outbound.CreateB2BOrder" time="16.109">
    <failure message="Expected condition failed: waiting for element to be clickable: By.id: react-select-2-input (tried for 10 second(s) with 500 milliseconds interval)" type="org.openqa.selenium.TimeoutException"><![CDATA[org.openqa.selenium.TimeoutException: Expected condition failed: waiting for element to be clickable: By.id: react-select-2-input (tried for 10 second(s) with 500 milliseconds interval)
	at com.lkhoaa.testCases.outbound.CreateB2BOrder.createB2BOrder(CreateB2BOrder.java:28)
Caused by: org.openqa.selenium.NoSuchElementException: 
no such element: Unable to locate element: {"method":"css selector","selector":"#react\-select\-2\-input"}
  (Session info: chrome=126.0.6478.127)
For documentation on this error, please visit: https://www.seleniumhq.org/exceptions/no_such_element.html
Build info: version: '3.141.59', revision: 'e82be7d358', time: '2018-11-14T08:17:03'
System info: host: 'OP-LT-0404.local', ip: 'fe80:0:0:0:ac:9749:b1ba:8647%en0', os.name: 'Mac OS X', os.arch: 'aarch64', os.version: '14.5', java.version: '11.0.20'
Driver info: org.openqa.selenium.chrome.ChromeDriver
Capabilities {acceptInsecureCerts: false, browserName: chrome, browserVersion: 126.0.6478.127, chrome: {chromedriverVersion: 126.0.6478.126 (d36ace6122e..., userDataDir: /var/folders/6q/h7zm4kv13tn...}, fedcm:accounts: true, goog:chromeOptions: {debuggerAddress: localhost:54738}, javascriptEnabled: true, networkConnectionEnabled: false, pageLoadStrategy: normal, platform: MAC, platformName: MAC, proxy: Proxy(), setWindowRect: true, strictFileInteractability: false, timeouts: {implicit: 0, pageLoad: 300000, script: 30000}, unhandledPromptBehavior: dismiss and notify, webauthn:extension:credBlob: true, webauthn:extension:largeBlob: true, webauthn:extension:minPinLength: true, webauthn:extension:prf: true, webauthn:virtualAuthenticators: true}
Session ID: 8d41e2babe5c19e8092ac6bbdc753e57
*** Element info: {Using=id, value=react-select-2-input}
	at com.lkhoaa.testCases.outbound.CreateB2BOrder.createB2BOrder(CreateB2BOrder.java:28)
]]></failure>
  </testcase>
</testsuite>