<?xml version="1.0" encoding="UTF-8"?>
<testsuite xmlns:xsi="http://www.w3.org/2001/XMLSchema-instance" xsi:noNamespaceSchemaLocation="https://maven.apache.org/surefire/maven-surefire-plugin/xsd/surefire-test-report-3.0.xsd" version="3.0" name="TestSuite" time="7.968" tests="1" errors="0" skipped="0" failures="1">
  <properties>
    <property name="gopherProxySet" value="false"/>
    <property name="awt.toolkit" value="sun.lwawt.macosx.LWCToolkit"/>
    <property name="surefire.suiteXmlFiles" value="src/test/testCreateB2B.xml"/>
    <property name="java.specification.version" value="11"/>
    <property name="webdriver.chrome.driver" value="/Users/lkhoaa/Library/CloudStorage/OneDrive-OnPointVietnam/Documents/Restassured/Opollo/Opollo//chromedriver"/>
    <property name="sun.cpu.isalist" value=""/>
    <property name="sun.jnu.encoding" value="UTF-8"/>
    <property name="java.class.path" value="/Users/lkhoaa/Library/CloudStorage/OneDrive-OnPointVietnam/Documents/Restassured/Opollo/Opollo/target/test-classes:/Users/lkhoaa/Library/CloudStorage/OneDrive-OnPointVietnam/Documents/Restassured/Opollo/Opollo/target/classes:/Users/lkhoaa/.m2/repository/org/slf4j/slf4j-simple/2.0.0/slf4j-simple-2.0.0.jar:/Users/lkhoaa/.m2/repository/org/slf4j/slf4j-api/2.0.0/slf4j-api-2.0.0.jar:/Users/lkhoaa/.m2/repository/io/qameta/allure/allure-testng/2.13.9/allure-testng-2.13.9.jar:/Users/lkhoaa/.m2/repository/io/qameta/allure/allure-java-commons/2.13.9/allure-java-commons-2.13.9.jar:/Users/lkhoaa/.m2/repository/io/qameta/allure/allure-model/2.13.9/allure-model-2.13.9.jar:/Users/lkhoaa/.m2/repository/org/apache/tika/tika-core/1.25/tika-core-1.25.jar:/Users/lkhoaa/.m2/repository/org/jooq/joor-java-8/0.9.13/joor-java-8-0.9.13.jar:/Users/lkhoaa/.m2/repository/io/qameta/allure/allure-test-filter/2.13.9/allure-test-filter-2.13.9.jar:/Users/lkhoaa/.m2/repository/org/seleniumhq/selenium/selenium-java/3.141.59/selenium-java-3.141.59.jar:/Users/lkhoaa/.m2/repository/org/seleniumhq/selenium/selenium-api/3.141.59/selenium-api-3.141.59.jar:/Users/lkhoaa/.m2/repository/org/seleniumhq/selenium/selenium-chrome-driver/3.141.59/selenium-chrome-driver-3.141.59.jar:/Users/lkhoaa/.m2/repository/org/seleniumhq/selenium/selenium-edge-driver/3.141.59/selenium-edge-driver-3.141.59.jar:/Users/lkhoaa/.m2/repository/org/seleniumhq/selenium/selenium-firefox-driver/3.141.59/selenium-firefox-driver-3.141.59.jar:/Users/lkhoaa/.m2/repository/org/seleniumhq/selenium/selenium-ie-driver/3.141.59/selenium-ie-driver-3.141.59.jar:/Users/lkhoaa/.m2/repository/org/seleniumhq/selenium/selenium-opera-driver/3.141.59/selenium-opera-driver-3.141.59.jar:/Users/lkhoaa/.m2/repository/org/seleniumhq/selenium/selenium-remote-driver/3.141.59/selenium-remote-driver-3.141.59.jar:/Users/lkhoaa/.m2/repository/org/seleniumhq/selenium/selenium-safari-driver/3.141.59/selenium-safari-driver-3.141.59.jar:/Users/lkhoaa/.m2/repository/org/seleniumhq/selenium/selenium-support/3.141.59/selenium-support-3.141.59.jar:/Users/lkhoaa/.m2/repository/net/bytebuddy/byte-buddy/1.8.15/byte-buddy-1.8.15.jar:/Users/lkhoaa/.m2/repository/org/apache/commons/commons-exec/1.3/commons-exec-1.3.jar:/Users/lkhoaa/.m2/repository/com/squareup/okhttp3/okhttp/3.11.0/okhttp-3.11.0.jar:/Users/lkhoaa/.m2/repository/com/squareup/okio/okio/1.14.0/okio-1.14.0.jar:/Users/lkhoaa/.m2/repository/com/google/guava/guava/25.0-jre/guava-25.0-jre.jar:/Users/lkhoaa/.m2/repository/com/google/code/findbugs/jsr305/1.3.9/jsr305-1.3.9.jar:/Users/lkhoaa/.m2/repository/org/checkerframework/checker-compat-qual/2.0.0/checker-compat-qual-2.0.0.jar:/Users/lkhoaa/.m2/repository/com/google/errorprone/error_prone_annotations/2.1.3/error_prone_annotations-2.1.3.jar:/Users/lkhoaa/.m2/repository/com/google/j2objc/j2objc-annotations/1.1/j2objc-annotations-1.1.jar:/Users/lkhoaa/.m2/repository/org/codehaus/mojo/animal-sniffer-annotations/1.14/animal-sniffer-annotations-1.14.jar:/Users/lkhoaa/.m2/repository/org/testng/testng/7.4.0/testng-7.4.0.jar:/Users/lkhoaa/.m2/repository/com/beust/jcommander/1.78/jcommander-1.78.jar:/Users/lkhoaa/.m2/repository/org/webjars/jquery/3.5.1/jquery-3.5.1.jar:/Users/lkhoaa/.m2/repository/org/apache/poi/poi/4.1.2/poi-4.1.2.jar:/Users/lkhoaa/.m2/repository/commons-codec/commons-codec/1.13/commons-codec-1.13.jar:/Users/lkhoaa/.m2/repository/org/apache/commons/commons-math3/3.6.1/commons-math3-3.6.1.jar:/Users/lkhoaa/.m2/repository/com/zaxxer/SparseBitSet/1.2/SparseBitSet-1.2.jar:/Users/lkhoaa/.m2/repository/org/apache/poi/poi-ooxml/4.1.2/poi-ooxml-4.1.2.jar:/Users/lkhoaa/.m2/repository/com/github/virtuald/curvesapi/1.06/curvesapi-1.06.jar:/Users/lkhoaa/.m2/repository/org/apache/poi/poi-ooxml-schemas/4.1.2/poi-ooxml-schemas-4.1.2.jar:/Users/lkhoaa/.m2/repository/dom4j/dom4j/1.6.1/dom4j-1.6.1.jar:/Users/lkhoaa/.m2/repository/org/apache/xmlbeans/xmlbeans/3.1.0/xmlbeans-3.1.0.jar:/Users/lkhoaa/.m2/repository/org/apache/commons/commons-compress/1.20/commons-compress-1.20.jar:/Users/lkhoaa/.m2/repository/org/apache/commons/commons-collections4/4.1/commons-collections4-4.1.jar:/Users/lkhoaa/.m2/repository/commons-io/commons-io/2.8.0/commons-io-2.8.0.jar:/Users/lkhoaa/.m2/repository/com/fasterxml/jackson/core/jackson-databind/2.13.3/jackson-databind-2.13.3.jar:/Users/lkhoaa/.m2/repository/com/fasterxml/jackson/core/jackson-annotations/2.13.3/jackson-annotations-2.13.3.jar:/Users/lkhoaa/.m2/repository/com/fasterxml/jackson/core/jackson-core/2.13.3/jackson-core-2.13.3.jar:/Users/lkhoaa/.m2/repository/io/github/bonigarcia/webdrivermanager/5.3.2/webdrivermanager-5.3.2.jar:/Users/lkhoaa/.m2/repository/com/google/code/gson/gson/2.10.1/gson-2.10.1.jar:/Users/lkhoaa/.m2/repository/com/github/docker-java/docker-java/3.2.14/docker-java-3.2.14.jar:/Users/lkhoaa/.m2/repository/com/github/docker-java/docker-java-core/3.2.14/docker-java-core-3.2.14.jar:/Users/lkhoaa/.m2/repository/com/github/docker-java/docker-java-api/3.2.14/docker-java-api-3.2.14.jar:/Users/lkhoaa/.m2/repository/org/bouncycastle/bcpkix-jdk15on/1.64/bcpkix-jdk15on-1.64.jar:/Users/lkhoaa/.m2/repository/org/bouncycastle/bcprov-jdk15on/1.64/bcprov-jdk15on-1.64.jar:/Users/lkhoaa/.m2/repository/org/slf4j/jcl-over-slf4j/1.7.30/jcl-over-slf4j-1.7.30.jar:/Users/lkhoaa/.m2/repository/com/github/docker-java/docker-java-transport-httpclient5/3.2.14/docker-java-transport-httpclient5-3.2.14.jar:/Users/lkhoaa/.m2/repository/com/github/docker-java/docker-java-transport/3.2.14/docker-java-transport-3.2.14.jar:/Users/lkhoaa/.m2/repository/net/java/dev/jna/jna/5.12.1/jna-5.12.1.jar:/Users/lkhoaa/.m2/repository/org/brotli/dec/0.1.2/dec-0.1.2.jar:/Users/lkhoaa/.m2/repository/org/apache/commons/commons-lang3/3.12.0/commons-lang3-3.12.0.jar:/Users/lkhoaa/.m2/repository/org/apache/httpcomponents/client5/httpclient5/5.2.1/httpclient5-5.2.1.jar:/Users/lkhoaa/.m2/repository/org/apache/httpcomponents/core5/httpcore5/5.2/httpcore5-5.2.jar:/Users/lkhoaa/.m2/repository/org/apache/httpcomponents/core5/httpcore5-h2/5.2/httpcore5-h2-5.2.jar:/Users/lkhoaa/.m2/repository/com/monitorjbl/xlsx-streamer/2.1.0/xlsx-streamer-2.1.0.jar:/Users/lkhoaa/.m2/repository/com/rackspace/apache/xerces2-xsd11/2.11.1/xerces2-xsd11-2.11.1.jar:/Users/lkhoaa/.m2/repository/com/rackspace/eclipse/webtools/sourceediting/org.eclipse.wst.xml.xpath2.processor/2.1.100/org.eclipse.wst.xml.xpath2.processor-2.1.100.jar:/Users/lkhoaa/.m2/repository/edu/princeton/cup/java-cup/10k/java-cup-10k.jar:/Users/lkhoaa/.m2/repository/com/ibm/icu/icu4j/4.6/icu4j-4.6.jar:/Users/lkhoaa/.m2/repository/xml-resolver/xml-resolver/1.2/xml-resolver-1.2.jar:/Users/lkhoaa/.m2/repository/xml-apis/xml-apis/1.4.01/xml-apis-1.4.01.jar:"/>
    <property name="java.vm.vendor" value="Oracle Corporation"/>
    <property name="sun.arch.data.model" value="64"/>
    <property name="testingUrl" value="https://dev-admin.onpoint.vn"/>
    <property name="java.vendor.url" value="https://openjdk.java.net/"/>
    <property name="user.timezone" value="Asia/Ho_Chi_Minh"/>
    <property name="java.vm.specification.version" value="11"/>
    <property name="os.name" value="Mac OS X"/>
    <property name="sun.java.launcher" value="SUN_STANDARD"/>
    <property name="user.country" value="VN"/>
    <property name="sun.boot.library.path" value="/Library/Java/JavaVirtualMachines/jdk-11.jdk/Contents/Home/lib"/>
    <property name="sun.java.command" value="/Users/lkhoaa/Library/CloudStorage/OneDrive-OnPointVietnam/Documents/Restassured/Opollo/Opollo/target/surefire/surefirebooter875962603184256457.jar /Users/lkhoaa/Library/CloudStorage/OneDrive-OnPointVietnam/Documents/Restassured/Opollo/Opollo/target/surefire 2023-11-15T23-57-36_515-jvmRun1 surefire4859195956261592258tmp surefire_011361906853291176114tmp"/>
    <property name="http.nonProxyHosts" value="local|*.local|169.254/16|*.169.254/16"/>
    <property name="jdk.debug" value="release"/>
    <property name="surefire.test.class.path" value="/Users/lkhoaa/Library/CloudStorage/OneDrive-OnPointVietnam/Documents/Restassured/Opollo/Opollo/target/test-classes:/Users/lkhoaa/Library/CloudStorage/OneDrive-OnPointVietnam/Documents/Restassured/Opollo/Opollo/target/classes:/Users/lkhoaa/.m2/repository/org/slf4j/slf4j-simple/2.0.0/slf4j-simple-2.0.0.jar:/Users/lkhoaa/.m2/repository/org/slf4j/slf4j-api/2.0.0/slf4j-api-2.0.0.jar:/Users/lkhoaa/.m2/repository/io/qameta/allure/allure-testng/2.13.9/allure-testng-2.13.9.jar:/Users/lkhoaa/.m2/repository/io/qameta/allure/allure-java-commons/2.13.9/allure-java-commons-2.13.9.jar:/Users/lkhoaa/.m2/repository/io/qameta/allure/allure-model/2.13.9/allure-model-2.13.9.jar:/Users/lkhoaa/.m2/repository/org/apache/tika/tika-core/1.25/tika-core-1.25.jar:/Users/lkhoaa/.m2/repository/org/jooq/joor-java-8/0.9.13/joor-java-8-0.9.13.jar:/Users/lkhoaa/.m2/repository/io/qameta/allure/allure-test-filter/2.13.9/allure-test-filter-2.13.9.jar:/Users/lkhoaa/.m2/repository/org/seleniumhq/selenium/selenium-java/3.141.59/selenium-java-3.141.59.jar:/Users/lkhoaa/.m2/repository/org/seleniumhq/selenium/selenium-api/3.141.59/selenium-api-3.141.59.jar:/Users/lkhoaa/.m2/repository/org/seleniumhq/selenium/selenium-chrome-driver/3.141.59/selenium-chrome-driver-3.141.59.jar:/Users/lkhoaa/.m2/repository/org/seleniumhq/selenium/selenium-edge-driver/3.141.59/selenium-edge-driver-3.141.59.jar:/Users/lkhoaa/.m2/repository/org/seleniumhq/selenium/selenium-firefox-driver/3.141.59/selenium-firefox-driver-3.141.59.jar:/Users/lkhoaa/.m2/repository/org/seleniumhq/selenium/selenium-ie-driver/3.141.59/selenium-ie-driver-3.141.59.jar:/Users/lkhoaa/.m2/repository/org/seleniumhq/selenium/selenium-opera-driver/3.141.59/selenium-opera-driver-3.141.59.jar:/Users/lkhoaa/.m2/repository/org/seleniumhq/selenium/selenium-remote-driver/3.141.59/selenium-remote-driver-3.141.59.jar:/Users/lkhoaa/.m2/repository/org/seleniumhq/selenium/selenium-safari-driver/3.141.59/selenium-safari-driver-3.141.59.jar:/Users/lkhoaa/.m2/repository/org/seleniumhq/selenium/selenium-support/3.141.59/selenium-support-3.141.59.jar:/Users/lkhoaa/.m2/repository/net/bytebuddy/byte-buddy/1.8.15/byte-buddy-1.8.15.jar:/Users/lkhoaa/.m2/repository/org/apache/commons/commons-exec/1.3/commons-exec-1.3.jar:/Users/lkhoaa/.m2/repository/com/squareup/okhttp3/okhttp/3.11.0/okhttp-3.11.0.jar:/Users/lkhoaa/.m2/repository/com/squareup/okio/okio/1.14.0/okio-1.14.0.jar:/Users/lkhoaa/.m2/repository/com/google/guava/guava/25.0-jre/guava-25.0-jre.jar:/Users/lkhoaa/.m2/repository/com/google/code/findbugs/jsr305/1.3.9/jsr305-1.3.9.jar:/Users/lkhoaa/.m2/repository/org/checkerframework/checker-compat-qual/2.0.0/checker-compat-qual-2.0.0.jar:/Users/lkhoaa/.m2/repository/com/google/errorprone/error_prone_annotations/2.1.3/error_prone_annotations-2.1.3.jar:/Users/lkhoaa/.m2/repository/com/google/j2objc/j2objc-annotations/1.1/j2objc-annotations-1.1.jar:/Users/lkhoaa/.m2/repository/org/codehaus/mojo/animal-sniffer-annotations/1.14/animal-sniffer-annotations-1.14.jar:/Users/lkhoaa/.m2/repository/org/testng/testng/7.4.0/testng-7.4.0.jar:/Users/lkhoaa/.m2/repository/com/beust/jcommander/1.78/jcommander-1.78.jar:/Users/lkhoaa/.m2/repository/org/webjars/jquery/3.5.1/jquery-3.5.1.jar:/Users/lkhoaa/.m2/repository/org/apache/poi/poi/4.1.2/poi-4.1.2.jar:/Users/lkhoaa/.m2/repository/commons-codec/commons-codec/1.13/commons-codec-1.13.jar:/Users/lkhoaa/.m2/repository/org/apache/commons/commons-math3/3.6.1/commons-math3-3.6.1.jar:/Users/lkhoaa/.m2/repository/com/zaxxer/SparseBitSet/1.2/SparseBitSet-1.2.jar:/Users/lkhoaa/.m2/repository/org/apache/poi/poi-ooxml/4.1.2/poi-ooxml-4.1.2.jar:/Users/lkhoaa/.m2/repository/com/github/virtuald/curvesapi/1.06/curvesapi-1.06.jar:/Users/lkhoaa/.m2/repository/org/apache/poi/poi-ooxml-schemas/4.1.2/poi-ooxml-schemas-4.1.2.jar:/Users/lkhoaa/.m2/repository/dom4j/dom4j/1.6.1/dom4j-1.6.1.jar:/Users/lkhoaa/.m2/repository/org/apache/xmlbeans/xmlbeans/3.1.0/xmlbeans-3.1.0.jar:/Users/lkhoaa/.m2/repository/org/apache/commons/commons-compress/1.20/commons-compress-1.20.jar:/Users/lkhoaa/.m2/repository/org/apache/commons/commons-collections4/4.1/commons-collections4-4.1.jar:/Users/lkhoaa/.m2/repository/commons-io/commons-io/2.8.0/commons-io-2.8.0.jar:/Users/lkhoaa/.m2/repository/com/fasterxml/jackson/core/jackson-databind/2.13.3/jackson-databind-2.13.3.jar:/Users/lkhoaa/.m2/repository/com/fasterxml/jackson/core/jackson-annotations/2.13.3/jackson-annotations-2.13.3.jar:/Users/lkhoaa/.m2/repository/com/fasterxml/jackson/core/jackson-core/2.13.3/jackson-core-2.13.3.jar:/Users/lkhoaa/.m2/repository/io/github/bonigarcia/webdrivermanager/5.3.2/webdrivermanager-5.3.2.jar:/Users/lkhoaa/.m2/repository/com/google/code/gson/gson/2.10.1/gson-2.10.1.jar:/Users/lkhoaa/.m2/repository/com/github/docker-java/docker-java/3.2.14/docker-java-3.2.14.jar:/Users/lkhoaa/.m2/repository/com/github/docker-java/docker-java-core/3.2.14/docker-java-core-3.2.14.jar:/Users/lkhoaa/.m2/repository/com/github/docker-java/docker-java-api/3.2.14/docker-java-api-3.2.14.jar:/Users/lkhoaa/.m2/repository/org/bouncycastle/bcpkix-jdk15on/1.64/bcpkix-jdk15on-1.64.jar:/Users/lkhoaa/.m2/repository/org/bouncycastle/bcprov-jdk15on/1.64/bcprov-jdk15on-1.64.jar:/Users/lkhoaa/.m2/repository/org/slf4j/jcl-over-slf4j/1.7.30/jcl-over-slf4j-1.7.30.jar:/Users/lkhoaa/.m2/repository/com/github/docker-java/docker-java-transport-httpclient5/3.2.14/docker-java-transport-httpclient5-3.2.14.jar:/Users/lkhoaa/.m2/repository/com/github/docker-java/docker-java-transport/3.2.14/docker-java-transport-3.2.14.jar:/Users/lkhoaa/.m2/repository/net/java/dev/jna/jna/5.12.1/jna-5.12.1.jar:/Users/lkhoaa/.m2/repository/org/brotli/dec/0.1.2/dec-0.1.2.jar:/Users/lkhoaa/.m2/repository/org/apache/commons/commons-lang3/3.12.0/commons-lang3-3.12.0.jar:/Users/lkhoaa/.m2/repository/org/apache/httpcomponents/client5/httpclient5/5.2.1/httpclient5-5.2.1.jar:/Users/lkhoaa/.m2/repository/org/apache/httpcomponents/core5/httpcore5/5.2/httpcore5-5.2.jar:/Users/lkhoaa/.m2/repository/org/apache/httpcomponents/core5/httpcore5-h2/5.2/httpcore5-h2-5.2.jar:/Users/lkhoaa/.m2/repository/com/monitorjbl/xlsx-streamer/2.1.0/xlsx-streamer-2.1.0.jar:/Users/lkhoaa/.m2/repository/com/rackspace/apache/xerces2-xsd11/2.11.1/xerces2-xsd11-2.11.1.jar:/Users/lkhoaa/.m2/repository/com/rackspace/eclipse/webtools/sourceediting/org.eclipse.wst.xml.xpath2.processor/2.1.100/org.eclipse.wst.xml.xpath2.processor-2.1.100.jar:/Users/lkhoaa/.m2/repository/edu/princeton/cup/java-cup/10k/java-cup-10k.jar:/Users/lkhoaa/.m2/repository/com/ibm/icu/icu4j/4.6/icu4j-4.6.jar:/Users/lkhoaa/.m2/repository/xml-resolver/xml-resolver/1.2/xml-resolver-1.2.jar:/Users/lkhoaa/.m2/repository/xml-apis/xml-apis/1.4.01/xml-apis-1.4.01.jar:"/>
    <property name="sun.cpu.endian" value="little"/>
    <property name="user.home" value="/Users/lkhoaa"/>
    <property name="user.language" value="en"/>
    <property name="java.specification.vendor" value="Oracle Corporation"/>
    <property name="java.version.date" value="2023-07-18"/>
    <property name="java.home" value="/Library/Java/JavaVirtualMachines/jdk-11.jdk/Contents/Home"/>
    <property name="file.separator" value="/"/>
    <property name="basedir" value="/Users/lkhoaa/Library/CloudStorage/OneDrive-OnPointVietnam/Documents/Restassured/Opollo/Opollo"/>
    <property name="java.vm.compressedOopsMode" value="Zero based"/>
    <property name="line.separator" value="&#10;"/>
    <property name="java.specification.name" value="Java Platform API Specification"/>
    <property name="java.vm.specification.vendor" value="Oracle Corporation"/>
    <property name="java.awt.graphicsenv" value="sun.awt.CGraphicsEnvironment"/>
    <property name="surefire.real.class.path" value="/Users/lkhoaa/Library/CloudStorage/OneDrive-OnPointVietnam/Documents/Restassured/Opollo/Opollo/target/surefire/surefirebooter875962603184256457.jar"/>
    <property name="sun.management.compiler" value="HotSpot 64-Bit Tiered Compilers"/>
    <property name="ftp.nonProxyHosts" value="local|*.local|169.254/16|*.169.254/16"/>
    <property name="java.runtime.version" value="11.0.20+9-LTS-256"/>
    <property name="user.name" value="lkhoaa"/>
    <property name="path.separator" value=":"/>
    <property name="os.version" value="13.6"/>
    <property name="java.runtime.name" value="Java(TM) SE Runtime Environment"/>
    <property name="file.encoding" value="UTF-8"/>
    <property name="java.vm.name" value="Java HotSpot(TM) 64-Bit Server VM"/>
    <property name="java.vendor.version" value="18.9"/>
    <property name="localRepository" value="/Users/lkhoaa/.m2/repository"/>
    <property name="java.vendor.url.bug" value="https://bugreport.java.com/bugreport/"/>
    <property name="java.io.tmpdir" value="/var/folders/6q/h7zm4kv13tn5vx6cj7_0dlz80000gn/T/"/>
    <property name="idea.version" value="2023.2.5"/>
    <property name="java.version" value="11.0.20"/>
    <property name="user.dir" value="/Users/lkhoaa/Library/CloudStorage/OneDrive-OnPointVietnam/Documents/Restassured/Opollo/Opollo"/>
    <property name="os.arch" value="aarch64"/>
    <property name="java.vm.specification.name" value="Java Virtual Machine Specification"/>
    <property name="java.awt.printerjob" value="sun.lwawt.macosx.CPrinterJob"/>
    <property name="sun.os.patch.level" value="unknown"/>
    <property name="java.library.path" value="/Users/lkhoaa/Library/Java/Extensions:/Library/Java/Extensions:/Network/Library/Java/Extensions:/System/Library/Java/Extensions:/usr/lib/java:."/>
    <property name="java.vendor" value="Oracle Corporation"/>
    <property name="java.vm.info" value="mixed mode"/>
    <property name="java.vm.version" value="11.0.20+9-LTS-256"/>
    <property name="java.specification.maintenance.version" value="2"/>
    <property name="sun.io.unicode.encoding" value="UnicodeBig"/>
    <property name="java.class.version" value="55.0"/>
    <property name="socksNonProxyHosts" value="local|*.local|169.254/16|*.169.254/16"/>
  </properties>
  <testcase name="createB2BOrder[khoa.le@onpoint.vn, 1234](1)" classname="com.lkhoaa.testCases.B2B.CreateB2BOrder" time="6.356">
    <failure message="no such element: Unable to locate element: {&quot;method&quot;:&quot;css selector&quot;,&quot;selector&quot;:&quot;.open &gt; .flatpickr-innerContainer &gt; .flatpickr-rContainer &gt; .flatpickr-days &gt; .dayContainer &gt; [aria-label=&quot;April 30, 2023&quot;]&quot;}&#10;  (Session info: chrome=114.0.5735.133)&#10;For documentation on this error, please visit: https://www.seleniumhq.org/exceptions/no_such_element.html&#10;Build info: version: &apos;3.141.59&apos;, revision: &apos;e82be7d358&apos;, time: &apos;2018-11-14T08:17:03&apos;&#10;System info: host: &apos;Les-MacBook-Pro&apos;, ip: &apos;2405:4802:913f:7820:ffff:ffff:ffff:fff5%en0&apos;, os.name: &apos;Mac OS X&apos;, os.arch: &apos;aarch64&apos;, os.version: &apos;13.6&apos;, java.version: &apos;11.0.20&apos;&#10;Driver info: org.openqa.selenium.chrome.ChromeDriver&#10;Capabilities {acceptInsecureCerts: false, browserName: chrome, browserVersion: 114.0.5735.133, chrome: {chromedriverVersion: 114.0.5735.90 (386bc09e8f4f..., userDataDir: /var/folders/6q/h7zm4kv13tn...}, goog:chromeOptions: {debuggerAddress: localhost:49185}, javascriptEnabled: true, networkConnectionEnabled: false, pageLoadStrategy: normal, platform: MAC, platformName: MAC, proxy: Proxy(), setWindowRect: true, strictFileInteractability: false, timeouts: {implicit: 0, pageLoad: 300000, script: 30000}, unhandledPromptBehavior: dismiss and notify, webauthn:extension:credBlob: true, webauthn:extension:largeBlob: true, webauthn:extension:minPinLength: true, webauthn:extension:prf: true, webauthn:virtualAuthenticators: true}&#10;Session ID: 5a12a6cd42c8b8f649eb61c406a9d80d&#10;*** Element info: {Using=css selector, value=.open &gt; .flatpickr-innerContainer &gt; .flatpickr-rContainer &gt; .flatpickr-days &gt; .dayContainer &gt; [aria-label=&quot;April 30, 2023&quot;]}" type="org.openqa.selenium.NoSuchElementException"><![CDATA[org.openqa.selenium.NoSuchElementException: 
no such element: Unable to locate element: {"method":"css selector","selector":".open > .flatpickr-innerContainer > .flatpickr-rContainer > .flatpickr-days > .dayContainer > [aria-label="April 30, 2023"]"}
  (Session info: chrome=114.0.5735.133)
For documentation on this error, please visit: https://www.seleniumhq.org/exceptions/no_such_element.html
Build info: version: '3.141.59', revision: 'e82be7d358', time: '2018-11-14T08:17:03'
System info: host: 'Les-MacBook-Pro', ip: '2405:4802:913f:7820:ffff:ffff:ffff:fff5%en0', os.name: 'Mac OS X', os.arch: 'aarch64', os.version: '13.6', java.version: '11.0.20'
Driver info: org.openqa.selenium.chrome.ChromeDriver
Capabilities {acceptInsecureCerts: false, browserName: chrome, browserVersion: 114.0.5735.133, chrome: {chromedriverVersion: 114.0.5735.90 (386bc09e8f4f..., userDataDir: /var/folders/6q/h7zm4kv13tn...}, goog:chromeOptions: {debuggerAddress: localhost:49185}, javascriptEnabled: true, networkConnectionEnabled: false, pageLoadStrategy: normal, platform: MAC, platformName: MAC, proxy: Proxy(), setWindowRect: true, strictFileInteractability: false, timeouts: {implicit: 0, pageLoad: 300000, script: 30000}, unhandledPromptBehavior: dismiss and notify, webauthn:extension:credBlob: true, webauthn:extension:largeBlob: true, webauthn:extension:minPinLength: true, webauthn:extension:prf: true, webauthn:virtualAuthenticators: true}
Session ID: 5a12a6cd42c8b8f649eb61c406a9d80d
*** Element info: {Using=css selector, value=.open > .flatpickr-innerContainer > .flatpickr-rContainer > .flatpickr-days > .dayContainer > [aria-label="April 30, 2023"]}
	at com.lkhoaa.testCases.B2B.CreateB2BOrder.createB2BOrder(CreateB2BOrder.java:28)
]]></failure>
    <system-out><![CDATA[[Configuration] [WARN] Detected a static method [com.lkhoaa.driver.DriverBase.initWebdriverObject()]. Static configuration methods can cause  unexpected behavior.
]]></system-out>
    <system-err><![CDATA[Starting ChromeDriver 114.0.5735.90 (386bc09e8f4f2e025eddae123f36f6263096ae49-refs/branch-heads/5735@{#1052}) on port 19265
Only local connections are allowed.
Please see https://chromedriver.chromium.org/security-considerations for suggestions on keeping ChromeDriver safe.
ChromeDriver was started successfully.
Nov 15, 2023 11:57:40 PM org.openqa.selenium.remote.ProtocolHandshake createSession
INFO: Detected dialect: W3C
]]></system-err>
  </testcase>
</testsuite>