<?xml version="1.0" encoding="UTF-8"?>
<testsuite xmlns:xsi="http://www.w3.org/2001/XMLSchema-instance" xsi:noNamespaceSchemaLocation="https://maven.apache.org/surefire/maven-surefire-plugin/xsd/surefire-test-report-3.0.xsd" version="3.0" name="TestSuite" time="17.943" tests="2" errors="0" skipped="0" failures="0">
  <properties>
    <property name="surefire.suiteXmlFiles" value="src/test/smokeTestOMS.xml"/>
    <property name="java.specification.version" value="22"/>
    <property name="webdriver.chrome.driver" value="/Users/lkhoaa/IdeaProjects/Opollo-test-auto/Opollo/chromedriver"/>
    <property name="sun.jnu.encoding" value="UTF-8"/>
    <property name="java.class.path" value="/Users/lkhoaa/IdeaProjects/Opollo-test-auto/Opollo/target/test-classes:/Users/lkhoaa/IdeaProjects/Opollo-test-auto/Opollo/target/classes:/Users/lkhoaa/.m2/repository/org/slf4j/slf4j-simple/2.0.0/slf4j-simple-2.0.0.jar:/Users/lkhoaa/.m2/repository/org/slf4j/slf4j-api/2.0.0/slf4j-api-2.0.0.jar:/Users/lkhoaa/.m2/repository/io/qameta/allure/allure-testng/2.13.9/allure-testng-2.13.9.jar:/Users/lkhoaa/.m2/repository/io/qameta/allure/allure-java-commons/2.13.9/allure-java-commons-2.13.9.jar:/Users/lkhoaa/.m2/repository/io/qameta/allure/allure-model/2.13.9/allure-model-2.13.9.jar:/Users/lkhoaa/.m2/repository/org/apache/tika/tika-core/1.25/tika-core-1.25.jar:/Users/lkhoaa/.m2/repository/org/jooq/joor-java-8/0.9.13/joor-java-8-0.9.13.jar:/Users/lkhoaa/.m2/repository/io/qameta/allure/allure-test-filter/2.13.9/allure-test-filter-2.13.9.jar:/Users/lkhoaa/.m2/repository/org/seleniumhq/selenium/selenium-java/3.141.59/selenium-java-3.141.59.jar:/Users/lkhoaa/.m2/repository/org/seleniumhq/selenium/selenium-api/3.141.59/selenium-api-3.141.59.jar:/Users/lkhoaa/.m2/repository/org/seleniumhq/selenium/selenium-chrome-driver/3.141.59/selenium-chrome-driver-3.141.59.jar:/Users/lkhoaa/.m2/repository/org/seleniumhq/selenium/selenium-edge-driver/3.141.59/selenium-edge-driver-3.141.59.jar:/Users/lkhoaa/.m2/repository/org/seleniumhq/selenium/selenium-firefox-driver/3.141.59/selenium-firefox-driver-3.141.59.jar:/Users/lkhoaa/.m2/repository/org/seleniumhq/selenium/selenium-ie-driver/3.141.59/selenium-ie-driver-3.141.59.jar:/Users/lkhoaa/.m2/repository/org/seleniumhq/selenium/selenium-opera-driver/3.141.59/selenium-opera-driver-3.141.59.jar:/Users/lkhoaa/.m2/repository/org/seleniumhq/selenium/selenium-remote-driver/3.141.59/selenium-remote-driver-3.141.59.jar:/Users/lkhoaa/.m2/repository/org/seleniumhq/selenium/selenium-safari-driver/3.141.59/selenium-safari-driver-3.141.59.jar:/Users/lkhoaa/.m2/repository/org/seleniumhq/selenium/selenium-support/3.141.59/selenium-support-3.141.59.jar:/Users/lkhoaa/.m2/repository/net/bytebuddy/byte-buddy/1.8.15/byte-buddy-1.8.15.jar:/Users/lkhoaa/.m2/repository/org/apache/commons/commons-exec/1.3/commons-exec-1.3.jar:/Users/lkhoaa/.m2/repository/com/squareup/okhttp3/okhttp/3.11.0/okhttp-3.11.0.jar:/Users/lkhoaa/.m2/repository/com/squareup/okio/okio/1.14.0/okio-1.14.0.jar:/Users/lkhoaa/.m2/repository/com/google/guava/guava/25.0-jre/guava-25.0-jre.jar:/Users/lkhoaa/.m2/repository/com/google/code/findbugs/jsr305/1.3.9/jsr305-1.3.9.jar:/Users/lkhoaa/.m2/repository/org/checkerframework/checker-compat-qual/2.0.0/checker-compat-qual-2.0.0.jar:/Users/lkhoaa/.m2/repository/com/google/errorprone/error_prone_annotations/2.1.3/error_prone_annotations-2.1.3.jar:/Users/lkhoaa/.m2/repository/com/google/j2objc/j2objc-annotations/1.1/j2objc-annotations-1.1.jar:/Users/lkhoaa/.m2/repository/org/codehaus/mojo/animal-sniffer-annotations/1.14/animal-sniffer-annotations-1.14.jar:/Users/lkhoaa/.m2/repository/org/testng/testng/7.4.0/testng-7.4.0.jar:/Users/lkhoaa/.m2/repository/com/beust/jcommander/1.78/jcommander-1.78.jar:/Users/lkhoaa/.m2/repository/org/webjars/jquery/3.5.1/jquery-3.5.1.jar:/Users/lkhoaa/.m2/repository/org/apache/poi/poi/4.1.2/poi-4.1.2.jar:/Users/lkhoaa/.m2/repository/commons-codec/commons-codec/1.13/commons-codec-1.13.jar:/Users/lkhoaa/.m2/repository/org/apache/commons/commons-math3/3.6.1/commons-math3-3.6.1.jar:/Users/lkhoaa/.m2/repository/com/zaxxer/SparseBitSet/1.2/SparseBitSet-1.2.jar:/Users/lkhoaa/.m2/repository/org/apache/poi/poi-ooxml/4.1.2/poi-ooxml-4.1.2.jar:/Users/lkhoaa/.m2/repository/com/github/virtuald/curvesapi/1.06/curvesapi-1.06.jar:/Users/lkhoaa/.m2/repository/org/apache/poi/poi-ooxml-schemas/4.1.2/poi-ooxml-schemas-4.1.2.jar:/Users/lkhoaa/.m2/repository/dom4j/dom4j/1.6.1/dom4j-1.6.1.jar:/Users/lkhoaa/.m2/repository/org/apache/xmlbeans/xmlbeans/3.1.0/xmlbeans-3.1.0.jar:/Users/lkhoaa/.m2/repository/org/apache/commons/commons-compress/1.20/commons-compress-1.20.jar:/Users/lkhoaa/.m2/repository/org/apache/commons/commons-collections4/4.1/commons-collections4-4.1.jar:/Users/lkhoaa/.m2/repository/commons-io/commons-io/2.8.0/commons-io-2.8.0.jar:/Users/lkhoaa/.m2/repository/com/fasterxml/jackson/core/jackson-databind/2.13.3/jackson-databind-2.13.3.jar:/Users/lkhoaa/.m2/repository/com/fasterxml/jackson/core/jackson-annotations/2.13.3/jackson-annotations-2.13.3.jar:/Users/lkhoaa/.m2/repository/com/fasterxml/jackson/core/jackson-core/2.13.3/jackson-core-2.13.3.jar:/Users/lkhoaa/.m2/repository/io/github/bonigarcia/webdrivermanager/5.3.2/webdrivermanager-5.3.2.jar:/Users/lkhoaa/.m2/repository/com/google/code/gson/gson/2.10.1/gson-2.10.1.jar:/Users/lkhoaa/.m2/repository/com/github/docker-java/docker-java/3.2.14/docker-java-3.2.14.jar:/Users/lkhoaa/.m2/repository/com/github/docker-java/docker-java-core/3.2.14/docker-java-core-3.2.14.jar:/Users/lkhoaa/.m2/repository/com/github/docker-java/docker-java-api/3.2.14/docker-java-api-3.2.14.jar:/Users/lkhoaa/.m2/repository/org/bouncycastle/bcpkix-jdk15on/1.64/bcpkix-jdk15on-1.64.jar:/Users/lkhoaa/.m2/repository/org/bouncycastle/bcprov-jdk15on/1.64/bcprov-jdk15on-1.64.jar:/Users/lkhoaa/.m2/repository/org/slf4j/jcl-over-slf4j/1.7.30/jcl-over-slf4j-1.7.30.jar:/Users/lkhoaa/.m2/repository/com/github/docker-java/docker-java-transport-httpclient5/3.2.14/docker-java-transport-httpclient5-3.2.14.jar:/Users/lkhoaa/.m2/repository/com/github/docker-java/docker-java-transport/3.2.14/docker-java-transport-3.2.14.jar:/Users/lkhoaa/.m2/repository/net/java/dev/jna/jna/5.12.1/jna-5.12.1.jar:/Users/lkhoaa/.m2/repository/org/brotli/dec/0.1.2/dec-0.1.2.jar:/Users/lkhoaa/.m2/repository/org/apache/commons/commons-lang3/3.12.0/commons-lang3-3.12.0.jar:/Users/lkhoaa/.m2/repository/org/apache/httpcomponents/client5/httpclient5/5.2.1/httpclient5-5.2.1.jar:/Users/lkhoaa/.m2/repository/org/apache/httpcomponents/core5/httpcore5/5.2/httpcore5-5.2.jar:/Users/lkhoaa/.m2/repository/org/apache/httpcomponents/core5/httpcore5-h2/5.2/httpcore5-h2-5.2.jar:/Users/lkhoaa/.m2/repository/com/monitorjbl/xlsx-streamer/2.1.0/xlsx-streamer-2.1.0.jar:/Users/lkhoaa/.m2/repository/com/rackspace/apache/xerces2-xsd11/2.11.1/xerces2-xsd11-2.11.1.jar:/Users/lkhoaa/.m2/repository/com/rackspace/eclipse/webtools/sourceediting/org.eclipse.wst.xml.xpath2.processor/2.1.100/org.eclipse.wst.xml.xpath2.processor-2.1.100.jar:/Users/lkhoaa/.m2/repository/edu/princeton/cup/java-cup/10k/java-cup-10k.jar:/Users/lkhoaa/.m2/repository/com/ibm/icu/icu4j/4.6/icu4j-4.6.jar:/Users/lkhoaa/.m2/repository/xml-resolver/xml-resolver/1.2/xml-resolver-1.2.jar:/Users/lkhoaa/.m2/repository/xml-apis/xml-apis/1.4.01/xml-apis-1.4.01.jar:"/>
    <property name="java.vm.vendor" value="Homebrew"/>
    <property name="sun.arch.data.model" value="64"/>
    <property name="java.vendor.url" value="https://github.com/Homebrew/homebrew-core/issues"/>
    <property name="user.timezone" value="Asia/Ho_Chi_Minh"/>
    <property name="os.name" value="Mac OS X"/>
    <property name="java.vm.specification.version" value="22"/>
    <property name="sun.java.launcher" value="SUN_STANDARD"/>
    <property name="user.country" value="VN"/>
    <property name="sun.boot.library.path" value="/opt/homebrew/Cellar/openjdk/22.0.1/libexec/openjdk.jdk/Contents/Home/lib"/>
    <property name="sun.java.command" value="/Users/lkhoaa/IdeaProjects/Opollo-test-auto/Opollo/target/surefire/surefirebooter12406591329809776228.jar /Users/lkhoaa/IdeaProjects/Opollo-test-auto/Opollo/target/surefire 2024-07-08T13-55-39_684-jvmRun1 surefire1486929526625178509tmp surefire_013177574271264127282tmp"/>
    <property name="http.nonProxyHosts" value="local|*.local|169.254/16|*.169.254/16"/>
    <property name="jdk.debug" value="release"/>
    <property name="surefire.test.class.path" value="/Users/lkhoaa/IdeaProjects/Opollo-test-auto/Opollo/target/test-classes:/Users/lkhoaa/IdeaProjects/Opollo-test-auto/Opollo/target/classes:/Users/lkhoaa/.m2/repository/org/slf4j/slf4j-simple/2.0.0/slf4j-simple-2.0.0.jar:/Users/lkhoaa/.m2/repository/org/slf4j/slf4j-api/2.0.0/slf4j-api-2.0.0.jar:/Users/lkhoaa/.m2/repository/io/qameta/allure/allure-testng/2.13.9/allure-testng-2.13.9.jar:/Users/lkhoaa/.m2/repository/io/qameta/allure/allure-java-commons/2.13.9/allure-java-commons-2.13.9.jar:/Users/lkhoaa/.m2/repository/io/qameta/allure/allure-model/2.13.9/allure-model-2.13.9.jar:/Users/lkhoaa/.m2/repository/org/apache/tika/tika-core/1.25/tika-core-1.25.jar:/Users/lkhoaa/.m2/repository/org/jooq/joor-java-8/0.9.13/joor-java-8-0.9.13.jar:/Users/lkhoaa/.m2/repository/io/qameta/allure/allure-test-filter/2.13.9/allure-test-filter-2.13.9.jar:/Users/lkhoaa/.m2/repository/org/seleniumhq/selenium/selenium-java/3.141.59/selenium-java-3.141.59.jar:/Users/lkhoaa/.m2/repository/org/seleniumhq/selenium/selenium-api/3.141.59/selenium-api-3.141.59.jar:/Users/lkhoaa/.m2/repository/org/seleniumhq/selenium/selenium-chrome-driver/3.141.59/selenium-chrome-driver-3.141.59.jar:/Users/lkhoaa/.m2/repository/org/seleniumhq/selenium/selenium-edge-driver/3.141.59/selenium-edge-driver-3.141.59.jar:/Users/lkhoaa/.m2/repository/org/seleniumhq/selenium/selenium-firefox-driver/3.141.59/selenium-firefox-driver-3.141.59.jar:/Users/lkhoaa/.m2/repository/org/seleniumhq/selenium/selenium-ie-driver/3.141.59/selenium-ie-driver-3.141.59.jar:/Users/lkhoaa/.m2/repository/org/seleniumhq/selenium/selenium-opera-driver/3.141.59/selenium-opera-driver-3.141.59.jar:/Users/lkhoaa/.m2/repository/org/seleniumhq/selenium/selenium-remote-driver/3.141.59/selenium-remote-driver-3.141.59.jar:/Users/lkhoaa/.m2/repository/org/seleniumhq/selenium/selenium-safari-driver/3.141.59/selenium-safari-driver-3.141.59.jar:/Users/lkhoaa/.m2/repository/org/seleniumhq/selenium/selenium-support/3.141.59/selenium-support-3.141.59.jar:/Users/lkhoaa/.m2/repository/net/bytebuddy/byte-buddy/1.8.15/byte-buddy-1.8.15.jar:/Users/lkhoaa/.m2/repository/org/apache/commons/commons-exec/1.3/commons-exec-1.3.jar:/Users/lkhoaa/.m2/repository/com/squareup/okhttp3/okhttp/3.11.0/okhttp-3.11.0.jar:/Users/lkhoaa/.m2/repository/com/squareup/okio/okio/1.14.0/okio-1.14.0.jar:/Users/lkhoaa/.m2/repository/com/google/guava/guava/25.0-jre/guava-25.0-jre.jar:/Users/lkhoaa/.m2/repository/com/google/code/findbugs/jsr305/1.3.9/jsr305-1.3.9.jar:/Users/lkhoaa/.m2/repository/org/checkerframework/checker-compat-qual/2.0.0/checker-compat-qual-2.0.0.jar:/Users/lkhoaa/.m2/repository/com/google/errorprone/error_prone_annotations/2.1.3/error_prone_annotations-2.1.3.jar:/Users/lkhoaa/.m2/repository/com/google/j2objc/j2objc-annotations/1.1/j2objc-annotations-1.1.jar:/Users/lkhoaa/.m2/repository/org/codehaus/mojo/animal-sniffer-annotations/1.14/animal-sniffer-annotations-1.14.jar:/Users/lkhoaa/.m2/repository/org/testng/testng/7.4.0/testng-7.4.0.jar:/Users/lkhoaa/.m2/repository/com/beust/jcommander/1.78/jcommander-1.78.jar:/Users/lkhoaa/.m2/repository/org/webjars/jquery/3.5.1/jquery-3.5.1.jar:/Users/lkhoaa/.m2/repository/org/apache/poi/poi/4.1.2/poi-4.1.2.jar:/Users/lkhoaa/.m2/repository/commons-codec/commons-codec/1.13/commons-codec-1.13.jar:/Users/lkhoaa/.m2/repository/org/apache/commons/commons-math3/3.6.1/commons-math3-3.6.1.jar:/Users/lkhoaa/.m2/repository/com/zaxxer/SparseBitSet/1.2/SparseBitSet-1.2.jar:/Users/lkhoaa/.m2/repository/org/apache/poi/poi-ooxml/4.1.2/poi-ooxml-4.1.2.jar:/Users/lkhoaa/.m2/repository/com/github/virtuald/curvesapi/1.06/curvesapi-1.06.jar:/Users/lkhoaa/.m2/repository/org/apache/poi/poi-ooxml-schemas/4.1.2/poi-ooxml-schemas-4.1.2.jar:/Users/lkhoaa/.m2/repository/dom4j/dom4j/1.6.1/dom4j-1.6.1.jar:/Users/lkhoaa/.m2/repository/org/apache/xmlbeans/xmlbeans/3.1.0/xmlbeans-3.1.0.jar:/Users/lkhoaa/.m2/repository/org/apache/commons/commons-compress/1.20/commons-compress-1.20.jar:/Users/lkhoaa/.m2/repository/org/apache/commons/commons-collections4/4.1/commons-collections4-4.1.jar:/Users/lkhoaa/.m2/repository/commons-io/commons-io/2.8.0/commons-io-2.8.0.jar:/Users/lkhoaa/.m2/repository/com/fasterxml/jackson/core/jackson-databind/2.13.3/jackson-databind-2.13.3.jar:/Users/lkhoaa/.m2/repository/com/fasterxml/jackson/core/jackson-annotations/2.13.3/jackson-annotations-2.13.3.jar:/Users/lkhoaa/.m2/repository/com/fasterxml/jackson/core/jackson-core/2.13.3/jackson-core-2.13.3.jar:/Users/lkhoaa/.m2/repository/io/github/bonigarcia/webdrivermanager/5.3.2/webdrivermanager-5.3.2.jar:/Users/lkhoaa/.m2/repository/com/google/code/gson/gson/2.10.1/gson-2.10.1.jar:/Users/lkhoaa/.m2/repository/com/github/docker-java/docker-java/3.2.14/docker-java-3.2.14.jar:/Users/lkhoaa/.m2/repository/com/github/docker-java/docker-java-core/3.2.14/docker-java-core-3.2.14.jar:/Users/lkhoaa/.m2/repository/com/github/docker-java/docker-java-api/3.2.14/docker-java-api-3.2.14.jar:/Users/lkhoaa/.m2/repository/org/bouncycastle/bcpkix-jdk15on/1.64/bcpkix-jdk15on-1.64.jar:/Users/lkhoaa/.m2/repository/org/bouncycastle/bcprov-jdk15on/1.64/bcprov-jdk15on-1.64.jar:/Users/lkhoaa/.m2/repository/org/slf4j/jcl-over-slf4j/1.7.30/jcl-over-slf4j-1.7.30.jar:/Users/lkhoaa/.m2/repository/com/github/docker-java/docker-java-transport-httpclient5/3.2.14/docker-java-transport-httpclient5-3.2.14.jar:/Users/lkhoaa/.m2/repository/com/github/docker-java/docker-java-transport/3.2.14/docker-java-transport-3.2.14.jar:/Users/lkhoaa/.m2/repository/net/java/dev/jna/jna/5.12.1/jna-5.12.1.jar:/Users/lkhoaa/.m2/repository/org/brotli/dec/0.1.2/dec-0.1.2.jar:/Users/lkhoaa/.m2/repository/org/apache/commons/commons-lang3/3.12.0/commons-lang3-3.12.0.jar:/Users/lkhoaa/.m2/repository/org/apache/httpcomponents/client5/httpclient5/5.2.1/httpclient5-5.2.1.jar:/Users/lkhoaa/.m2/repository/org/apache/httpcomponents/core5/httpcore5/5.2/httpcore5-5.2.jar:/Users/lkhoaa/.m2/repository/org/apache/httpcomponents/core5/httpcore5-h2/5.2/httpcore5-h2-5.2.jar:/Users/lkhoaa/.m2/repository/com/monitorjbl/xlsx-streamer/2.1.0/xlsx-streamer-2.1.0.jar:/Users/lkhoaa/.m2/repository/com/rackspace/apache/xerces2-xsd11/2.11.1/xerces2-xsd11-2.11.1.jar:/Users/lkhoaa/.m2/repository/com/rackspace/eclipse/webtools/sourceediting/org.eclipse.wst.xml.xpath2.processor/2.1.100/org.eclipse.wst.xml.xpath2.processor-2.1.100.jar:/Users/lkhoaa/.m2/repository/edu/princeton/cup/java-cup/10k/java-cup-10k.jar:/Users/lkhoaa/.m2/repository/com/ibm/icu/icu4j/4.6/icu4j-4.6.jar:/Users/lkhoaa/.m2/repository/xml-resolver/xml-resolver/1.2/xml-resolver-1.2.jar:/Users/lkhoaa/.m2/repository/xml-apis/xml-apis/1.4.01/xml-apis-1.4.01.jar:"/>
    <property name="sun.cpu.endian" value="little"/>
    <property name="user.home" value="/Users/lkhoaa"/>
    <property name="user.language" value="en"/>
    <property name="java.specification.vendor" value="Oracle Corporation"/>
    <property name="java.version.date" value="2024-04-16"/>
    <property name="java.home" value="/opt/homebrew/Cellar/openjdk/22.0.1/libexec/openjdk.jdk/Contents/Home"/>
    <property name="file.separator" value="/"/>
    <property name="basedir" value="/Users/lkhoaa/IdeaProjects/Opollo-test-auto/Opollo"/>
    <property name="java.vm.compressedOopsMode" value="Zero based"/>
    <property name="line.separator" value="&#10;"/>
    <property name="java.vm.specification.vendor" value="Oracle Corporation"/>
    <property name="java.specification.name" value="Java Platform API Specification"/>
    <property name="apple.awt.application.name" value="ForkedBooter"/>
    <property name="surefire.real.class.path" value="/Users/lkhoaa/IdeaProjects/Opollo-test-auto/Opollo/target/surefire/surefirebooter12406591329809776228.jar"/>
    <property name="sun.management.compiler" value="HotSpot 64-Bit Tiered Compilers"/>
    <property name="ftp.nonProxyHosts" value="local|*.local|169.254/16|*.169.254/16"/>
    <property name="java.runtime.version" value="22.0.1"/>
    <property name="user.name" value="lkhoaa"/>
    <property name="stdout.encoding" value="UTF-8"/>
    <property name="path.separator" value=":"/>
    <property name="os.version" value="14.5"/>
    <property name="java.runtime.name" value="OpenJDK Runtime Environment"/>
    <property name="file.encoding" value="UTF-8"/>
    <property name="java.vm.name" value="OpenJDK 64-Bit Server VM"/>
    <property name="java.vendor.version" value="Homebrew"/>
    <property name="localRepository" value="/Users/lkhoaa/.m2/repository"/>
    <property name="java.vendor.url.bug" value="https://github.com/Homebrew/homebrew-core/issues"/>
    <property name="java.io.tmpdir" value="/var/folders/6q/h7zm4kv13tn5vx6cj7_0dlz80000gn/T/"/>
    <property name="java.version" value="22.0.1"/>
    <property name="user.dir" value="/Users/lkhoaa/IdeaProjects/Opollo-test-auto/Opollo"/>
    <property name="os.arch" value="aarch64"/>
    <property name="java.vm.specification.name" value="Java Virtual Machine Specification"/>
    <property name="native.encoding" value="UTF-8"/>
    <property name="java.library.path" value="/Users/lkhoaa/Library/Java/Extensions:/Library/Java/Extensions:/Network/Library/Java/Extensions:/System/Library/Java/Extensions:/usr/lib/java:."/>
    <property name="java.vm.info" value="mixed mode, sharing"/>
    <property name="stderr.encoding" value="UTF-8"/>
    <property name="java.vendor" value="Homebrew"/>
    <property name="java.vm.version" value="22.0.1"/>
    <property name="sun.io.unicode.encoding" value="UnicodeBig"/>
    <property name="socksNonProxyHosts" value="local|*.local|169.254/16|*.169.254/16"/>
    <property name="java.class.version" value="66.0"/>
  </properties>
  <testcase name="createB2COrder" classname="com.lkhoaa.testCases.oms.CreateB2COrder" time="13.912">
    <system-out><![CDATA[[Configuration] [WARN] Detected a static method [com.lkhoaa.driver.DriverBase.initWebdriverObject()]. Static configuration methods can cause  unexpected behavior.
Loading Url
Select first product
Input full name
Input email
Input phone
Select province
Select district
Input address
Select delivery method
Select payment method
Click on place order
Get order number after ordering
Select type
Select Order date
Select Expected date
Select Warehouse
Select Group Brand
Enter contract number
Select Customer
Add SKU
Click On Submit Button
Verify that the B2B order created success
Open B2B Detail
Approve and push order to WH
Verify order has been pulled to Opollo
Finished TC
Click on Cancel button
]]></system-out>
    <system-err><![CDATA[Starting ChromeDrSitavertr in1g2 6Ch.0r.o6m4e7D8r.i1v2e6r  1(2d63.60a.c6e467182.21e206a 5(9d53760aec2e58d82441395206d660e1c-1refs/branch-he2a2dse0/6a547958@7{0#e125598d1}82) 44o1n3 9p5o2r0t6 d76802e61
cO-nrleyf sl/obcraaln ccho-nhneeacdtsi/o6n4s7 8are @a{l#l1o5w9e1d}.
) Polne apsoer ts e4e 72ht03tp
Osn:l/y/ clhorcomaled crionvenrec.tcihornoms iuarme. oarlgl/oswecedur.
itPlye-acsoens isdeeer ahttitopnss: /f/ocrh rsoumgegdersitvieorn.sc horonm kieumep.oinrgg/ sCehcruormietDyr-icvoenrs isdaefreat.
ionCsh froor suggesmeDtriver iwas ostarnted ssuc coens skfeuelping lCyhrom.eDr
iver safe.
ChromeDriver was started successfully.
Jul 08, 2024 1:55:42 PM org.openqa.selenium.remote.ProtocolHandshake createSession
INFO: Detected dialect: W3C
Jul 08, 2024 1:55:42 PM org.openqa.selenium.remote.ProtocolHandshake createSession
INFO: Detected dialect: W3C
]]></system-err>
  </testcase>
  <testcase name="createB2BOrder" classname="com.lkhoaa.testCases.oms.CreateB2BOrder" time="17.206">
    <system-out><![CDATA[Confirm cancel order and Verify cancel success
]]></system-out>
  </testcase>
</testsuite>