<?xml version="1.0" encoding="UTF-8"?>
<!-- Generated by org.testng.reporters.JUnitReportReporter -->
<testsuite skipped="0" hostname="lkhoaa" name="com.lkhoaa.testCases.B2B.CreateB2BOrder" tests="1" failures="0" timestamp="2023-04-20T21:43:17 ICT" time="35.373" errors="0">
  <testcase name="B2B" time="35.373" classname="com.lkhoaa.testCases.B2B.CreateB2BOrder"/>
  <system-out/>
</testsuite> <!-- com.lkhoaa.testCases.B2B.CreateB2BOrder -->
