<?xml version="1.0" encoding="UTF-8"?>
<!-- Generated by org.testng.reporters.JUnitReportReporter -->
<testsuite hostname="OP-LT-0404.local" failures="0" tests="1" name="com.lkhoaa.testCases.inbound.CreatePO6Steps" time="31.492" errors="0" timestamp="2025-03-07T16:55:58 ICT" skipped="0">
  <testcase classname="com.lkhoaa.testCases.inbound.CreatePO6Steps" name="createPO6Steps" time="31.492"/>
  <system-out/>
</testsuite> <!-- com.lkhoaa.testCases.inbound.CreatePO6Steps -->
