<?xml version="1.0" encoding="UTF-8"?>
<!-- Generated by org.testng.reporters.JUnitReportReporter -->
<testsuite skipped="0" hostname="lkhoaa" name="com.lkhoaa.testCases.RMS.CompareFeeSingleFile" tests="1" failures="0" timestamp="2023-07-06T21:58:03 ICT" time="6.787" errors="0">
  <testcase name="testCompareExcelSums" time="6.787" classname="com.lkhoaa.testCases.RMS.CompareFeeSingleFile"/>
  <system-out/>
</testsuite> <!-- com.lkhoaa.testCases.RMS.CompareFeeSingleFile -->
